Reading netlist file: "C:\Users\Asus\Desktop\fpga_proje\fpga_project1\impl\gwsynthesis\fpga_project1.vg"
Parsing netlist file "C:\Users\Asus\Desktop\fpga_proje\fpga_project1\impl\gwsynthesis\fpga_project1.vg" completed
Processing netlist completed
Reading constraint file: "C:\Users\Asus\Desktop\fpga_proje\fpga_project1\src\fpga_project1.cst"
Physical Constraint parsed completed
Running placement......
[10%] Placement Phase 0 completed
[20%] Placement Phase 1 completed
[30%] Placement Phase 2 completed
[50%] Placement Phase 3 completed
Running routing......
[60%] Routing Phase 0 completed
[70%] Routing Phase 1 completed
[80%] Routing Phase 2 completed
[90%] Routing Phase 3 completed
Running timing analysis......
[95%] Timing analysis completed
Placement and routing completed
Bitstream generation in progress......
Bitstream generation completed
Running power analysis......
[100%] Power analysis completed
Generate file "C:\Users\Asus\Desktop\fpga_proje\fpga_project1\impl\pnr\fpga_project1.power.html" completed
Generate file "C:\Users\Asus\Desktop\fpga_proje\fpga_project1\impl\pnr\fpga_project1.pin.html" completed
Generate file "C:\Users\Asus\Desktop\fpga_proje\fpga_project1\impl\pnr\fpga_project1.rpt.html" completed
Generate file "C:\Users\Asus\Desktop\fpga_proje\fpga_project1\impl\pnr\fpga_project1.rpt.txt" completed
Generate file "C:\Users\Asus\Desktop\fpga_proje\fpga_project1\impl\pnr\fpga_project1.tr.html" completed
Sat Apr 15 17:26:12 2023

